# Logfile created on 2016-07-27 13:43:51 -0700 by logger.rb/47272
  INFO ---------------------------------------------------------------------------
  INFO START 2016-07-27 13:43:51 -0700 cap production deploy
  INFO ---------------------------------------------------------------------------
  INFO [c99424f5] Running /usr/bin/env mkdir -p /tmp as deploy@138.68.13.73
 DEBUG [c99424f5] Command: /usr/bin/env mkdir -p /tmp
  INFO ---------------------------------------------------------------------------
  INFO START 2016-07-27 13:44:07 -0700 cap production deploy
  INFO ---------------------------------------------------------------------------
  INFO [c950389b] Running /usr/bin/env mkdir -p /tmp as root@138.68.13.73
 DEBUG [c950389b] Command: /usr/bin/env mkdir -p /tmp
  INFO [c950389b] Finished in 0.828 seconds with exit status 0 (successful).
 DEBUG Uploading /tmp/git-ssh-ironelephant-production-Colton.sh 0.0%
  INFO Uploading /tmp/git-ssh-ironelephant-production-Colton.sh 100.0%
  INFO [04913424] Running /usr/bin/env chmod 700 /tmp/git-ssh-ironelephant-production-Colton.sh as root@138.68.13.73
 DEBUG [04913424] Command: /usr/bin/env chmod 700 /tmp/git-ssh-ironelephant-production-Colton.sh
  INFO [04913424] Finished in 0.101 seconds with exit status 0 (successful).
  INFO [7ecee5f3] Running /usr/bin/env git ls-remote --heads git@github.com:colto/ironelephant as root@138.68.13.73
 DEBUG [7ecee5f3] Command: ( export GIT_ASKPASS="/bin/echo" GIT_SSH="/tmp/git-ssh-ironelephant-production-Colton.sh" ; /usr/bin/env git ls-remote --heads git@github.com:colto/ironelephant )
 DEBUG [7ecee5f3] 	Warning: Permanently added 'github.com,192.30.253.112' (RSA) to the list of known hosts.
 DEBUG [7ecee5f3] 	Permission denied (publickey).
 DEBUG [7ecee5f3] 	fatal: Could not read from remote repository.

Please make sure you have the correct access rights
and the repository exists.
  INFO ---------------------------------------------------------------------------
  INFO START 2016-07-27 13:45:45 -0700 cap production deploy
  INFO ---------------------------------------------------------------------------
  INFO [65ea0e8d] Running /usr/bin/env mkdir -p /tmp as root@138.68.13.73
 DEBUG [65ea0e8d] Command: /usr/bin/env mkdir -p /tmp
  INFO [65ea0e8d] Finished in 0.731 seconds with exit status 0 (successful).
 DEBUG Uploading /tmp/git-ssh-ironelephant-production-Colton.sh 0.0%
  INFO Uploading /tmp/git-ssh-ironelephant-production-Colton.sh 100.0%
  INFO [05112609] Running /usr/bin/env chmod 700 /tmp/git-ssh-ironelephant-production-Colton.sh as root@138.68.13.73
 DEBUG [05112609] Command: /usr/bin/env chmod 700 /tmp/git-ssh-ironelephant-production-Colton.sh
  INFO [05112609] Finished in 0.096 seconds with exit status 0 (successful).
  INFO [bfc3b8a6] Running /usr/bin/env git ls-remote --heads git@github.com:colto/ironelephant as root@138.68.13.73
 DEBUG [bfc3b8a6] Command: ( export GIT_ASKPASS="/bin/echo" GIT_SSH="/tmp/git-ssh-ironelephant-production-Colton.sh" ; /usr/bin/env git ls-remote --heads git@github.com:colto/ironelephant )
 DEBUG [bfc3b8a6] 	Permission denied (publickey).
 DEBUG [bfc3b8a6] 	fatal: Could not read from remote repository.

Please make sure you have the correct access rights
and the repository exists.
